\BOOKMARK [1][-]{section.1}{Introduction}{}% 1
\BOOKMARK [1][-]{section.2}{Literature Review}{}% 2
\BOOKMARK [2][-]{subsection.2.1}{Production Function Estimation}{section.2}% 3
\BOOKMARK [1][-]{section.3}{A Random Coefficient Production Function}{}% 4
\BOOKMARK [1][-]{section.4}{Identification}{}% 5
\BOOKMARK [1][-]{section.5}{Econometric Procedure}{}% 6
\BOOKMARK [2][-]{subsection.5.1}{A Two-Step Estimator for Quantile Production Functions}{section.5}% 7
\BOOKMARK [2][-]{subsection.5.2}{Large Sample Properties}{section.5}% 8
\BOOKMARK [1][-]{section.6}{Monte Carlo Experiments}{}% 9
\BOOKMARK [1][-]{section.7}{Application}{}% 10
\BOOKMARK [2][-]{subsection.7.1}{U.S. Compustat}{section.7}% 11
\BOOKMARK [2][-]{subsection.7.2}{Chilean Manufacturing}{section.7}% 12
\BOOKMARK [2][-]{subsection.7.3}{Colombian Manufacturing}{section.7}% 13
\BOOKMARK [1][-]{section.8}{Conclusions}{}% 14
\BOOKMARK [1][-]{Appendix.a.A}{Identification}{}% 15
\BOOKMARK [1][-]{Appendix.a.B}{Consistency and Asymptotic Normality}{}% 16
\BOOKMARK [1][-]{Appendix.a.C}{Ex-Post Shocks and Measurement Error in Output}{}% 17
\BOOKMARK [1][-]{Appendix.a.D}{Data Appendix}{}% 18
\BOOKMARK [2][-]{subsection.a.D.1}{U.S.}{Appendix.a.D}% 19
\BOOKMARK [2][-]{subsection.a.D.2}{Chile}{Appendix.a.D}% 20
\BOOKMARK [2][-]{subsection.a.D.3}{Colombia}{Appendix.a.D}% 21
\BOOKMARK [1][-]{Appendix.a.E}{Estimates using Gross-Output Production Function}{}% 22
\BOOKMARK [2][-]{subsection.a.E.1}{U.S.}{Appendix.a.E}% 23
\BOOKMARK [2][-]{subsection.a.E.2}{Chile}{Appendix.a.E}% 24
\BOOKMARK [2][-]{subsection.a.E.3}{Colombia}{Appendix.a.E}% 25
