This is pdfTeX, Version 3.14159265-2.6-1.40.18 (TeX Live 2017) (preloaded format=pdflatex 2017.5.23)  28 AUG 2021 16:28
entering extended mode
 restricted \write18 enabled.
 %&-line parsing enabled.
**/Users/justindoty/Documents/Research/Dissertation/Production_QR_Proxy/Code/Te
xt/Doty_Song_2021.tex

(/Users/justindoty/Documents/Research/Dissertation/Production_QR_Proxy/Code/Tex
t/Doty_Song_2021.tex
LaTeX2e <2017-04-15>
Babel <3.10> and hyphenation patterns for 84 language(s) loaded.
(/usr/local/texlive/2017/texmf-dist/tex/latex/base/article.cls
Document Class: article 2014/09/29 v1.4h Standard LaTeX document class
(/usr/local/texlive/2017/texmf-dist/tex/latex/base/size12.clo
File: size12.clo 2014/09/29 v1.4h Standard LaTeX file (size option)
)
\c@part=\count79
\c@section=\count80
\c@subsection=\count81
\c@subsubsection=\count82
\c@paragraph=\count83
\c@subparagraph=\count84
\c@figure=\count85
\c@table=\count86
\abovecaptionskip=\skip41
\belowcaptionskip=\skip42
\bibindent=\dimen102
) (/usr/local/texlive/2017/texmf-dist/tex/latex/graphics/graphicx.sty
Package: graphicx 2014/10/28 v1.0g Enhanced LaTeX Graphics (DPC,SPQR)
(/usr/local/texlive/2017/texmf-dist/tex/latex/graphics/keyval.sty
Package: keyval 2014/10/28 v1.15 key=value parser (DPC)
\KV@toks@=\toks14
) (/usr/local/texlive/2017/texmf-dist/tex/latex/graphics/graphics.sty
Package: graphics 2017/04/14 v1.1b Standard LaTeX Graphics (DPC,SPQR)
(/usr/local/texlive/2017/texmf-dist/tex/latex/graphics/trig.sty
Package: trig 2016/01/03 v1.10 sin cos tan (DPC)
) (/usr/local/texlive/2017/texmf-dist/tex/latex/graphics-cfg/graphics.cfg
File: graphics.cfg 2016/06/04 v1.11 sample graphics configuration
)
Package graphics Info: Driver file: pdftex.def on input line 99.
(/usr/local/texlive/2017/texmf-dist/tex/latex/graphics-def/pdftex.def
File: pdftex.def 2017/01/12 v0.06k Graphics/color for pdfTeX
(/usr/local/texlive/2017/texmf-dist/tex/generic/oberdiek/infwarerr.sty
Package: infwarerr 2016/05/16 v1.4 Providing info/warning/error messages (HO)
) (/usr/local/texlive/2017/texmf-dist/tex/generic/oberdiek/ltxcmds.sty
Package: ltxcmds 2016/05/16 v1.23 LaTeX kernel commands for general use (HO)
)
\Gread@gobject=\count87
))
\Gin@req@height=\dimen103
\Gin@req@width=\dimen104
) (/usr/local/texlive/2017/texmf-dist/tex/latex/amsfonts/amsfonts.sty
Package: amsfonts 2013/01/14 v3.01 Basic AMSFonts support
\@emptytoks=\toks15
\symAMSa=\mathgroup4
\symAMSb=\mathgroup5
LaTeX Font Info:    Overwriting math alphabet `\mathfrak' in version `bold'
(Font)                  U/euf/m/n --> U/euf/b/n on input line 106.
) (/usr/local/texlive/2017/texmf-dist/tex/latex/amsmath/amsmath.sty
Package: amsmath 2016/11/05 v2.16a AMS math features
\@mathmargin=\skip43
For additional information on amsmath, use the `?' option.
(/usr/local/texlive/2017/texmf-dist/tex/latex/amsmath/amstext.sty
Package: amstext 2000/06/29 v2.01 AMS text
(/usr/local/texlive/2017/texmf-dist/tex/latex/amsmath/amsgen.sty
File: amsgen.sty 1999/11/30 v2.0 generic functions
\@emptytoks=\toks16
\ex@=\dimen105
)) (/usr/local/texlive/2017/texmf-dist/tex/latex/amsmath/amsbsy.sty
Package: amsbsy 1999/11/29 v1.2d Bold Symbols
\pmbraise@=\dimen106
) (/usr/local/texlive/2017/texmf-dist/tex/latex/amsmath/amsopn.sty
Package: amsopn 2016/03/08 v2.02 operator names
)
\inf@bad=\count88
LaTeX Info: Redefining \frac on input line 213.
\uproot@=\count89
\leftroot@=\count90
LaTeX Info: Redefining \overline on input line 375.
\classnum@=\count91
\DOTSCASE@=\count92
LaTeX Info: Redefining \ldots on input line 472.
LaTeX Info: Redefining \dots on input line 475.
LaTeX Info: Redefining \cdots on input line 596.
\Mathstrutbox@=\box26
\strutbox@=\box27
\big@size=\dimen107
LaTeX Font Info:    Redeclaring font encoding OML on input line 712.
LaTeX Font Info:    Redeclaring font encoding OMS on input line 713.
\macc@depth=\count93
\c@MaxMatrixCols=\count94
\dotsspace@=\muskip10
\c@parentequation=\count95
\dspbrk@lvl=\count96
\tag@help=\toks17
\row@=\count97
\column@=\count98
\maxfields@=\count99
\andhelp@=\toks18
\eqnshift@=\dimen108
\alignsep@=\dimen109
\tagshift@=\dimen110
\tagwidth@=\dimen111
\totwidth@=\dimen112
\lineht@=\dimen113
\@envbody=\toks19
\multlinegap=\skip44
\multlinetaggap=\skip45
\mathdisplay@stack=\toks20
LaTeX Info: Redefining \[ on input line 2817.
LaTeX Info: Redefining \] on input line 2818.
) (/usr/local/texlive/2017/texmf-dist/tex/latex/tools/tabularx.sty
Package: tabularx 2016/02/03 v2.11 `tabularx' package (DPC)
(/usr/local/texlive/2017/texmf-dist/tex/latex/tools/array.sty
Package: array 2016/10/06 v2.4d Tabular extension package (FMi)
\col@sep=\dimen114
\extrarowheight=\dimen115
\NC@list=\toks21
\extratabsurround=\skip46
\backup@length=\skip47
)
\TX@col@width=\dimen116
\TX@old@table=\dimen117
\TX@old@col=\dimen118
\TX@target=\dimen119
\TX@delta=\dimen120
\TX@cols=\count100
\TX@ftn=\toks22
) (/usr/local/texlive/2017/texmf-dist/tex/latex/jknapltx/mathrsfs.sty
Package: mathrsfs 1996/01/01 Math RSFS package v1.0 (jk)
\symrsfs=\mathgroup6
) (/usr/local/texlive/2017/texmf-dist/tex/latex/subfigure/subfigure.sty
Package: subfigure 2002/03/15 v2.1.5 subfigure package
\subfigtopskip=\skip48
\subfigcapskip=\skip49
\subfigcaptopadj=\dimen121
\subfigbottomskip=\skip50
\subfigcapmargin=\dimen122
\subfiglabelskip=\skip51
\c@subfigure=\count101
\c@lofdepth=\count102
\c@subtable=\count103
\c@lotdepth=\count104
****************************************
* Local config file subfigure.cfg used *
****************************************
(/usr/local/texlive/2017/texmf-dist/tex/latex/subfigure/subfigure.cfg)
\subfig@top=\skip52
\subfig@bottom=\skip53
) (/usr/local/texlive/2017/texmf-dist/tex/latex/xcolor/xcolor.sty
Package: xcolor 2016/05/11 v2.12 LaTeX color extensions (UK)
(/usr/local/texlive/2017/texmf-dist/tex/latex/graphics-cfg/color.cfg
File: color.cfg 2016/01/02 v1.6 sample color configuration
)
Package xcolor Info: Driver file: pdftex.def on input line 225.
Package xcolor Info: Model `cmy' substituted by `cmy0' on input line 1348.
Package xcolor Info: Model `hsb' substituted by `rgb' on input line 1352.
Package xcolor Info: Model `RGB' extended on input line 1364.
Package xcolor Info: Model `HTML' substituted by `rgb' on input line 1366.
Package xcolor Info: Model `Hsb' substituted by `hsb' on input line 1367.
Package xcolor Info: Model `tHsb' substituted by `hsb' on input line 1368.
Package xcolor Info: Model `HSB' substituted by `hsb' on input line 1369.
Package xcolor Info: Model `Gray' substituted by `gray' on input line 1370.
Package xcolor Info: Model `wave' substituted by `hsb' on input line 1371.
(/usr/local/texlive/2017/texmf-dist/tex/latex/graphics/dvipsnam.def
File: dvipsnam.def 2016/06/17 v3.0m Driver-dependent file (DPC,SPQR)
)) (/usr/local/texlive/2017/texmf-dist/tex/latex/graphics/lscape.sty
Package: lscape 2000/10/22 v3.01 Landscape Pages (DPC)
) (/usr/local/texlive/2017/texmf-dist/tex/latex/tools/longtable.sty
Package: longtable 2014/10/28 v4.11 Multi-page Table package (DPC)
\LTleft=\skip54
\LTright=\skip55
\LTpre=\skip56
\LTpost=\skip57
\LTchunksize=\count105
\LTcapwidth=\dimen123
\LT@head=\box28
\LT@firsthead=\box29
\LT@foot=\box30
\LT@lastfoot=\box31
\LT@cols=\count106
\LT@rows=\count107
\c@LT@tables=\count108
\c@LT@chunks=\count109
\LT@p@ftn=\toks23
) (/usr/local/texlive/2017/texmf-dist/tex/latex/tools/bm.sty
Package: bm 2017/01/16 v1.2c Bold Symbol Support (DPC/FMi)
\symboldoperators=\mathgroup7
\symboldletters=\mathgroup8
\symboldsymbols=\mathgroup9
LaTeX Font Info:    Redeclaring math alphabet \mathbf on input line 141.
LaTeX Info: Redefining \bm on input line 207.
) (/usr/local/texlive/2017/texmf-dist/tex/latex/bbm-macros/bbm.sty
Package: bbm 1999/03/15 V 1.2 provides fonts for set symbols - TH
LaTeX Font Info:    Overwriting math alphabet `\mathbbm' in version `bold'
(Font)                  U/bbm/m/n --> U/bbm/bx/n on input line 33.
LaTeX Font Info:    Overwriting math alphabet `\mathbbmss' in version `bold'
(Font)                  U/bbmss/m/n --> U/bbmss/bx/n on input line 35.
) (/usr/local/texlive/2017/texmf-dist/tex/latex/chngcntr/chngcntr.sty
Package: chngcntr 2009/09/02 v1.0a change counter resetting
) (/usr/local/texlive/2017/texmf-dist/tex/latex/setspace/setspace.sty
Package: setspace 2011/12/19 v6.7a set line spacing
) (/usr/local/texlive/2017/texmf-dist/tex/latex/caption/caption.sty
Package: caption 2016/02/21 v3.3-144 Customizing captions (AR)
(/usr/local/texlive/2017/texmf-dist/tex/latex/caption/caption3.sty
Package: caption3 2016/05/22 v1.7-166 caption3 kernel (AR)
Package caption3 Info: TeX engine: e-TeX on input line 67.
\captionmargin=\dimen124
\captionmargin@=\dimen125
\captionwidth=\dimen126
\caption@tempdima=\dimen127
\caption@indent=\dimen128
\caption@parindent=\dimen129
\caption@hangindent=\dimen130
)
\c@ContinuedFloat=\count110
Package caption Info: longtable package is loaded.
(/usr/local/texlive/2017/texmf-dist/tex/latex/caption/ltcaption.sty
Package: ltcaption 2013/06/09 v1.4-94 longtable captions (AR)
)
Package caption Info: subfigure package is loaded.
) (/usr/local/texlive/2017/texmf-dist/tex/latex/float/float.sty
Package: float 2001/11/08 v1.3d Float enhancements (AL)
\c@float@type=\count111
\float@exts=\toks24
\float@box=\box32
\@float@everytoks=\toks25
\@floatcapt=\box33
) (/usr/local/texlive/2017/texmf-dist/tex/latex/multirow/multirow.sty
Package: multirow 2016/11/25 v2.2 Span multiple rows of a table
\multirow@colwidth=\skip58
\multirow@cntb=\count112
\multirow@dima=\skip59
\bigstrutjot=\dimen131
) (/usr/local/texlive/2017/texmf-dist/tex/latex/appendix/appendix.sty
Package: appendix 2009/09/02 v1.2b extra appendix facilities
\c@@pps=\count113
\c@@ppsavesec=\count114
\c@@ppsaveapp=\count115
) (/usr/local/texlive/2017/texmf-dist/tex/latex/booktabs/booktabs.sty
Package: booktabs 2016/04/27 v1.618033 publication quality tables
\heavyrulewidth=\dimen132
\lightrulewidth=\dimen133
\cmidrulewidth=\dimen134
\belowrulesep=\dimen135
\belowbottomsep=\dimen136
\aboverulesep=\dimen137
\abovetopsep=\dimen138
\cmidrulesep=\dimen139
\cmidrulekern=\dimen140
\defaultaddspace=\dimen141
\@cmidla=\count116
\@cmidlb=\count117
\@aboverulesep=\dimen142
\@belowrulesep=\dimen143
\@thisruleclass=\count118
\@lastruleclass=\count119
\@thisrulewidth=\dimen144
) (/usr/local/texlive/2017/texmf-dist/tex/latex/natbib/natbib.sty
Package: natbib 2010/09/13 8.31b (PWD, AO)
\bibhang=\skip60
\bibsep=\skip61
LaTeX Info: Redefining \cite on input line 694.
\c@NAT@ctr=\count120
) (/usr/local/texlive/2017/texmf-dist/tex/latex/fancyvrb/fancyvrb.sty
Package: fancyvrb 2008/02/07

Style option: `fancyvrb' v2.7a, with DG/SPQR fixes, and firstline=lastline fix 
<2008/02/07> (tvz)
\FV@CodeLineNo=\count121
\FV@InFile=\read1
\FV@TabBox=\box34
\c@FancyVerbLine=\count122
\FV@StepNumber=\count123
\FV@OutFile=\write3
) (/usr/local/texlive/2017/texmf-dist/tex/latex/enumitem/enumitem.sty
Package: enumitem 2011/09/28 v3.5.2 Customized lists
\labelindent=\skip62
\enit@outerparindent=\dimen145
\enit@toks=\toks26
\enit@inbox=\box35
\enitdp@description=\count124
) (/usr/local/texlive/2017/texmf-dist/tex/latex/footmisc/footmisc.sty
Package: footmisc 2011/06/06 v5.5b a miscellany of footnote facilities
\FN@temptoken=\toks27
\footnotemargin=\dimen146
\c@pp@next@reset=\count125
Package footmisc Info: Declaring symbol style bringhurst on input line 855.
Package footmisc Info: Declaring symbol style chicago on input line 863.
Package footmisc Info: Declaring symbol style wiley on input line 872.
Package footmisc Info: Declaring symbol style lamport-robust on input line 883.

Package footmisc Info: Declaring symbol style lamport* on input line 903.
Package footmisc Info: Declaring symbol style lamport*-robust on input line 924
.
)
\c@assump=\count126
\c@lemma=\count127
\c@corollary=\count128
\c@theorem=\count129
(/usr/local/texlive/2017/texmf-dist/tex/latex/hyperref/hyperref.sty
Package: hyperref 2017/03/14 v6.85a Hypertext links for LaTeX
(/usr/local/texlive/2017/texmf-dist/tex/generic/oberdiek/hobsub-hyperref.sty
Package: hobsub-hyperref 2016/05/16 v1.14 Bundle oberdiek, subset hyperref (HO)

(/usr/local/texlive/2017/texmf-dist/tex/generic/oberdiek/hobsub-generic.sty
Package: hobsub-generic 2016/05/16 v1.14 Bundle oberdiek, subset generic (HO)
Package: hobsub 2016/05/16 v1.14 Construct package bundles (HO)
Package hobsub Info: Skipping package `infwarerr' (already loaded).
Package hobsub Info: Skipping package `ltxcmds' (already loaded).
Package: ifluatex 2016/05/16 v1.4 Provides the ifluatex switch (HO)
Package ifluatex Info: LuaTeX not detected.
Package: ifvtex 2016/05/16 v1.6 Detect VTeX and its facilities (HO)
Package ifvtex Info: VTeX not detected.
Package: intcalc 2016/05/16 v1.2 Expandable calculations with integers (HO)
Package: ifpdf 2017/03/15 v3.2 Provides the ifpdf switch
Package: etexcmds 2016/05/16 v1.6 Avoid name clashes with e-TeX commands (HO)
Package etexcmds Info: Could not find \expanded.
(etexcmds)             That can mean that you are not using pdfTeX 1.50 or
(etexcmds)             that some package has redefined \expanded.
(etexcmds)             In the latter case, load this package earlier.
Package: kvsetkeys 2016/05/16 v1.17 Key value parser (HO)
Package: kvdefinekeys 2016/05/16 v1.4 Define keys (HO)
Package: pdftexcmds 2017/03/19 v0.25 Utility functions of pdfTeX for LuaTeX (HO
)
Package pdftexcmds Info: LuaTeX not detected.
Package pdftexcmds Info: \pdf@primitive is available.
Package pdftexcmds Info: \pdf@ifprimitive is available.
Package pdftexcmds Info: \pdfdraftmode found.
Package: pdfescape 2016/05/16 v1.14 Implements pdfTeX's escape features (HO)
Package: bigintcalc 2016/05/16 v1.4 Expandable calculations on big integers (HO
)
Package: bitset 2016/05/16 v1.2 Handle bit-vector datatype (HO)
Package: uniquecounter 2016/05/16 v1.3 Provide unlimited unique counter (HO)
)
Package hobsub Info: Skipping package `hobsub' (already loaded).
Package: letltxmacro 2016/05/16 v1.5 Let assignment for LaTeX macros (HO)
Package: hopatch 2016/05/16 v1.3 Wrapper for package hooks (HO)
Package: xcolor-patch 2016/05/16 xcolor patch
Package: atveryend 2016/05/16 v1.9 Hooks at the very end of document (HO)
Package atveryend Info: \enddocument detected (standard20110627).
Package: atbegshi 2016/06/09 v1.18 At begin shipout hook (HO)
Package: refcount 2016/05/16 v3.5 Data extraction from label references (HO)
Package: hycolor 2016/05/16 v1.8 Color options for hyperref/bookmark (HO)
) (/usr/local/texlive/2017/texmf-dist/tex/generic/ifxetex/ifxetex.sty
Package: ifxetex 2010/09/12 v0.6 Provides ifxetex conditional
) (/usr/local/texlive/2017/texmf-dist/tex/latex/oberdiek/auxhook.sty
Package: auxhook 2016/05/16 v1.4 Hooks for auxiliary files (HO)
) (/usr/local/texlive/2017/texmf-dist/tex/latex/oberdiek/kvoptions.sty
Package: kvoptions 2016/05/16 v3.12 Key value format for package options (HO)
)
\@linkdim=\dimen147
\Hy@linkcounter=\count130
\Hy@pagecounter=\count131
(/usr/local/texlive/2017/texmf-dist/tex/latex/hyperref/pd1enc.def
File: pd1enc.def 2017/03/14 v6.85a Hyperref: PDFDocEncoding definition (HO)
)
\Hy@SavedSpaceFactor=\count132
(/usr/local/texlive/2017/texmf-dist/tex/latex/latexconfig/hyperref.cfg
File: hyperref.cfg 2002/06/06 v1.2 hyperref configuration of TeXLive
)
Package hyperref Info: Hyper figures OFF on input line 4498.
Package hyperref Info: Link nesting OFF on input line 4503.
Package hyperref Info: Hyper index ON on input line 4506.
Package hyperref Info: Plain pages OFF on input line 4513.
Package hyperref Info: Backreferencing OFF on input line 4518.
Package hyperref Info: Implicit mode ON; LaTeX internals redefined.
Package hyperref Info: Bookmarks ON on input line 4751.
\c@Hy@tempcnt=\count133
(/usr/local/texlive/2017/texmf-dist/tex/latex/url/url.sty
\Urlmuskip=\muskip11
Package: url 2013/09/16  ver 3.4  Verb mode for urls, etc.
)
LaTeX Info: Redefining \url on input line 5104.
\XeTeXLinkMargin=\dimen148
\Fld@menulength=\count134
\Field@Width=\dimen149
\Fld@charsize=\dimen150
Package hyperref Info: Hyper figures OFF on input line 6358.
Package hyperref Info: Link nesting OFF on input line 6363.
Package hyperref Info: Hyper index ON on input line 6366.
Package hyperref Info: backreferencing OFF on input line 6373.
Package hyperref Info: Link coloring OFF on input line 6378.
Package hyperref Info: Link coloring with OCG OFF on input line 6383.
Package hyperref Info: PDF/A mode OFF on input line 6388.
LaTeX Info: Redefining \ref on input line 6428.
LaTeX Info: Redefining \pageref on input line 6432.
\Hy@abspage=\count135
\c@Item=\count136
\c@Hfootnote=\count137
)

Package hyperref Message: Driver (autodetected): hpdftex.

(/usr/local/texlive/2017/texmf-dist/tex/latex/hyperref/hpdftex.def
File: hpdftex.def 2017/03/14 v6.85a Hyperref driver for pdfTeX
\Fld@listcount=\count138
\c@bookmark@seq@number=\count139
(/usr/local/texlive/2017/texmf-dist/tex/latex/oberdiek/rerunfilecheck.sty
Package: rerunfilecheck 2016/05/16 v1.8 Rerun checks for auxiliary files (HO)
Package uniquecounter Info: New unique counter `rerunfilecheck' on input line 2
82.
)
\Hy@SectionHShift=\skip63
)
Package hyperref Info: Option `colorlinks' set `true' on input line 61.

(/Users/justindoty/Documents/Research/Dissertation/Production_QR_Proxy/Code/Tex
t/Doty_Song_2021.aux)
\openout1 = `Doty_Song_2021.aux'.

LaTeX Font Info:    Checking defaults for OML/cmm/m/it on input line 62.
LaTeX Font Info:    ... okay on input line 62.
LaTeX Font Info:    Checking defaults for T1/cmr/m/n on input line 62.
LaTeX Font Info:    ... okay on input line 62.
LaTeX Font Info:    Checking defaults for OT1/cmr/m/n on input line 62.
LaTeX Font Info:    ... okay on input line 62.
LaTeX Font Info:    Checking defaults for OMS/cmsy/m/n on input line 62.
LaTeX Font Info:    ... okay on input line 62.
LaTeX Font Info:    Checking defaults for OMX/cmex/m/n on input line 62.
LaTeX Font Info:    ... okay on input line 62.
LaTeX Font Info:    Checking defaults for U/cmr/m/n on input line 62.
LaTeX Font Info:    ... okay on input line 62.
LaTeX Font Info:    Checking defaults for PD1/pdf/m/n on input line 62.
LaTeX Font Info:    ... okay on input line 62.
(/usr/local/texlive/2017/texmf-dist/tex/context/base/mkii/supp-pdf.mkii
[Loading MPS to PDF converter (version 2006.09.02).]
\scratchcounter=\count140
\scratchdimen=\dimen151
\scratchbox=\box36
\nofMPsegments=\count141
\nofMParguments=\count142
\everyMPshowfont=\toks28
\MPscratchCnt=\count143
\MPscratchDim=\dimen152
\MPnumerator=\count144
\makeMPintoPDFobject=\count145
\everyMPtoPDFconversion=\toks29
) (/usr/local/texlive/2017/texmf-dist/tex/latex/oberdiek/epstopdf-base.sty
Package: epstopdf-base 2016/05/15 v2.6 Base part for package epstopdf
(/usr/local/texlive/2017/texmf-dist/tex/latex/oberdiek/grfext.sty
Package: grfext 2016/05/16 v1.2 Manage graphics extensions (HO)
)
Package epstopdf-base Info: Redefining graphics rule for `.eps' on input line 4
38.
Package grfext Info: Graphics extension search list:
(grfext)             [.png,.pdf,.jpg,.mps,.jpeg,.jbig2,.jb2,.PNG,.PDF,.JPG,.JPE
G,.JBIG2,.JB2,.eps]
(grfext)             \AppendGraphicsExtensions on input line 456.
(/usr/local/texlive/2017/texmf-dist/tex/latex/latexconfig/epstopdf-sys.cfg
File: epstopdf-sys.cfg 2010/07/13 v1.3 Configuration of (r)epstopdf for TeX Liv
e
))
Package caption Info: Begin \AtBeginDocument code.
Package caption Info: float package is loaded.
Package caption Info: hyperref package is loaded.
Package caption Info: End \AtBeginDocument code.
\AtBeginShipoutBox=\box37
Package hyperref Info: Link coloring ON on input line 62.
(/usr/local/texlive/2017/texmf-dist/tex/latex/hyperref/nameref.sty
Package: nameref 2016/05/21 v2.44 Cross-referencing by name of section
(/usr/local/texlive/2017/texmf-dist/tex/generic/oberdiek/gettitlestring.sty
Package: gettitlestring 2016/05/16 v1.5 Cleanup title references (HO)
)
\c@section@level=\count146
)
LaTeX Info: Redefining \ref on input line 62.
LaTeX Info: Redefining \pageref on input line 62.
LaTeX Info: Redefining \nameref on input line 62.

(/Users/justindoty/Documents/Research/Dissertation/Production_QR_Proxy/Code/Tex
t/Doty_Song_2021.out)
(/Users/justindoty/Documents/Research/Dissertation/Production_QR_Proxy/Code/Tex
t/Doty_Song_2021.out)
\@outlinefile=\write4
\openout4 = `Doty_Song_2021.out'.

LaTeX Font Info:    Try loading font information for U+msa on input line 72.
(/usr/local/texlive/2017/texmf-dist/tex/latex/amsfonts/umsa.fd
File: umsa.fd 2013/01/14 v3.01 AMS symbols A
)
LaTeX Font Info:    Try loading font information for U+msb on input line 72.
(/usr/local/texlive/2017/texmf-dist/tex/latex/amsfonts/umsb.fd
File: umsb.fd 2013/01/14 v3.01 AMS symbols B
)
LaTeX Font Info:    Try loading font information for U+rsfs on input line 72.
(/usr/local/texlive/2017/texmf-dist/tex/latex/jknapltx/ursfs.fd
File: ursfs.fd 1998/03/24 rsfs font definition file (jk)
)
LaTeX Font Info:    Try loading font information for OMS+cmr on input line 72.
(/usr/local/texlive/2017/texmf-dist/tex/latex/base/omscmr.fd
File: omscmr.fd 2014/09/29 v2.5h Standard LaTeX font definitions
)
LaTeX Font Info:    Font shape `OMS/cmr/m/n' in size <10> not available
(Font)              Font shape `OMS/cmsy/m/n' tried instead on input line 72.
LaTeX Font Info:    Font shape `OMS/cmr/m/n' in size <7> not available
(Font)              Font shape `OMS/cmsy/m/n' tried instead on input line 72.
[1

{/usr/local/texlive/2017/texmf-var/fonts/map/pdftex/updmap/pdftex.map}]
LaTeX Font Info:    Try loading font information for U+bbm on input line 100.
(/usr/local/texlive/2017/texmf-dist/tex/latex/bbm-macros/ubbm.fd
File: ubbm.fd 1999/03/15 V 1.2 Font definition for bbm font - TH
) [2] [3] [4] [5] [6] [7] [8] [9]
Overfull \hbox (1.27698pt too wide) in paragraph at lines 233--234
[]\OT1/cmr/m/it/12 Conditional In-de-pen-dence: (i) $\OML/cmm/m/it/12 f[]\OT1/c
mr/m/n/12 (\OML/cmm/m/it/12 Z[]\OMS/cmsy/m/n/12 j\OML/cmm/m/it/12 Z[]; ^^X[]; !
[]; x[]\OT1/cmr/m/n/12 ) = \OML/cmm/m/it/12 f[]\OT1/cmr/m/n/12 (\OML/cmm/m/it/1
2 Z[]\OMS/cmsy/m/n/12 j\OML/cmm/m/it/12 x[]\OT1/cmr/m/n/12 )$\OT1/cmr/m/it/12 ,

 []

[10]
Overfull \hbox (4.62712pt too wide) in paragraph at lines 258--259
[]\OT1/cmr/m/n/12 Assumption [][]4.1[][](a) places re-stric-tions on the data g
en-er-at-ing pro-cess. As-sump-tion [][]4.1[][](b)(i)
 []

[11] [12] [13] [14] [15]
Overfull \vbox (38.66518pt too high) has occurred while \output is active []

[16]
</Users/justindoty/Documents/Research/Dissertation/Production_QR_Proxy/Code/Fig
ures/MC/TFPplot.png, id=436, 3312.375pt x 3011.25pt>
File: /Users/justindoty/Documents/Research/Dissertation/Production_QR_Proxy/Cod
e/Figures/MC/TFPplot.png Graphic file (type png)

<use /Users/justindoty/Documents/Research/Dissertation/Production_QR_Proxy/Code
/Figures/MC/TFPplot.png>
Package pdftex.def Info: /Users/justindoty/Documents/Research/Dissertation/Prod
uction_QR_Proxy/Code/Figures/MC/TFPplot.png used on input line 375.
(pdftex.def)             Requested size: 341.41599pt x 341.39302pt.
[17 </Users/justindoty/Documents/Research/Dissertation/Production_QR_Proxy/Code
/Figures/MC/TFPplot.png>] [18]
</Users/justindoty/Documents/Research/Dissertation/Production_QR_Proxy/Code/Fig
ures/US/QACF_Coef_Plot_NAICS_31.png, id=468, 3011.25pt x 2409.0pt>
File: /Users/justindoty/Documents/Research/Dissertation/Production_QR_Proxy/Cod
e/Figures/US/QACF_Coef_Plot_NAICS_31.png Graphic file (type png)

<use /Users/justindoty/Documents/Research/Dissertation/Production_QR_Proxy/Code
/Figures/US/QACF_Coef_Plot_NAICS_31.png>
Package pdftex.def Info: /Users/justindoty/Documents/Research/Dissertation/Prod
uction_QR_Proxy/Code/Figures/US/QACF_Coef_Plot_NAICS_31.png used on input line 
395.
(pdftex.def)             Requested size: 227.58003pt x 227.60759pt.

</Users/justindoty/Documents/Research/Dissertation/Production_QR_Proxy/Code/Fig
ures/US/QACF_Coef_Plot_NAICS_32.png, id=469, 3011.25pt x 2409.0pt>
File: /Users/justindoty/Documents/Research/Dissertation/Production_QR_Proxy/Cod
e/Figures/US/QACF_Coef_Plot_NAICS_32.png Graphic file (type png)

<use /Users/justindoty/Documents/Research/Dissertation/Production_QR_Proxy/Code
/Figures/US/QACF_Coef_Plot_NAICS_32.png>
Package pdftex.def Info: /Users/justindoty/Documents/Research/Dissertation/Prod
uction_QR_Proxy/Code/Figures/US/QACF_Coef_Plot_NAICS_32.png used on input line 
403.
(pdftex.def)             Requested size: 227.58003pt x 227.60759pt.
[19 </Users/justindoty/Documents/Research/Dissertation/Production_QR_Proxy/Code
/Figures/US/QACF_Coef_Plot_NAICS_31.png>]
</Users/justindoty/Documents/Research/Dissertation/Production_QR_Proxy/Code/Fig
ures/US/QACF_Coef_Plot_NAICS_33.png, id=477, 3011.25pt x 2409.0pt>
File: /Users/justindoty/Documents/Research/Dissertation/Production_QR_Proxy/Cod
e/Figures/US/QACF_Coef_Plot_NAICS_33.png Graphic file (type png)

<use /Users/justindoty/Documents/Research/Dissertation/Production_QR_Proxy/Code
/Figures/US/QACF_Coef_Plot_NAICS_33.png>
Package pdftex.def Info: /Users/justindoty/Documents/Research/Dissertation/Prod
uction_QR_Proxy/Code/Figures/US/QACF_Coef_Plot_NAICS_33.png used on input line 
411.
(pdftex.def)             Requested size: 227.58003pt x 227.60759pt.

</Users/justindoty/Documents/Research/Dissertation/Production_QR_Proxy/Code/Fig
ures/US/QACF_Coef_Plot_NAICS_All.png, id=478, 3011.25pt x 2409.0pt>
File: /Users/justindoty/Documents/Research/Dissertation/Production_QR_Proxy/Cod
e/Figures/US/QACF_Coef_Plot_NAICS_All.png Graphic file (type png)

<use /Users/justindoty/Documents/Research/Dissertation/Production_QR_Proxy/Code
/Figures/US/QACF_Coef_Plot_NAICS_All.png>
Package pdftex.def Info: /Users/justindoty/Documents/Research/Dissertation/Prod
uction_QR_Proxy/Code/Figures/US/QACF_Coef_Plot_NAICS_All.png used on input line
 419.
(pdftex.def)             Requested size: 227.58003pt x 227.60759pt.
[20 </Users/justindoty/Documents/Research/Dissertation/Production_QR_Proxy/Code
/Figures/US/QACF_Coef_Plot_NAICS_32.png> </Users/justindoty/Documents/Research/
Dissertation/Production_QR_Proxy/Code/Figures/US/QACF_Coef_Plot_NAICS_33.png>] 
[21 </Users/justindoty/Documents/Research/Dissertation/Production_QR_Proxy/Code
/Figures/US/QACF_Coef_Plot_NAICS_All.png>] [22]
</Users/justindoty/Documents/Research/Dissertation/Production_QR_Proxy/Code/Fig
ures/US/QACF_TFP_Plot.png, id=496, 3011.25pt x 2409.0pt>
File: /Users/justindoty/Documents/Research/Dissertation/Production_QR_Proxy/Cod
e/Figures/US/QACF_TFP_Plot.png Graphic file (type png)

<use /Users/justindoty/Documents/Research/Dissertation/Production_QR_Proxy/Code
/Figures/US/QACF_TFP_Plot.png>
Package pdftex.def Info: /Users/justindoty/Documents/Research/Dissertation/Prod
uction_QR_Proxy/Code/Figures/US/QACF_TFP_Plot.png used on input line 478.
(pdftex.def)             Requested size: 312.9803pt x 250.36101pt.
[23]
</Users/justindoty/Documents/Research/Dissertation/Production_QR_Proxy/Code/Fig
ures/US/QACF_TFPgrowth_Plot.png, id=504, 3011.25pt x 2409.0pt>
File: /Users/justindoty/Documents/Research/Dissertation/Production_QR_Proxy/Cod
e/Figures/US/QACF_TFPgrowth_Plot.png Graphic file (type png)

<use /Users/justindoty/Documents/Research/Dissertation/Production_QR_Proxy/Code
/Figures/US/QACF_TFPgrowth_Plot.png>
Package pdftex.def Info: /Users/justindoty/Documents/Research/Dissertation/Prod
uction_QR_Proxy/Code/Figures/US/QACF_TFPgrowth_Plot.png used on input line 486.

(pdftex.def)             Requested size: 312.9803pt x 250.36101pt.
[24 </Users/justindoty/Documents/Research/Dissertation/Production_QR_Proxy/Code
/Figures/US/QACF_TFP_Plot.png> </Users/justindoty/Documents/Research/Dissertati
on/Production_QR_Proxy/Code/Figures/US/QACF_TFPgrowth_Plot.png>] [25] [26]
</Users/justindoty/Documents/Research/Dissertation/Production_QR_Proxy/Code/Fig
ures/Chile/QACF_Coef_Plot_ISIC_311.png, id=537, 3011.25pt x 2409.0pt>
File: /Users/justindoty/Documents/Research/Dissertation/Production_QR_Proxy/Cod
e/Figures/Chile/QACF_Coef_Plot_ISIC_311.png Graphic file (type png)

<use /Users/justindoty/Documents/Research/Dissertation/Production_QR_Proxy/Code
/Figures/Chile/QACF_Coef_Plot_ISIC_311.png>
Package pdftex.def Info: /Users/justindoty/Documents/Research/Dissertation/Prod
uction_QR_Proxy/Code/Figures/Chile/QACF_Coef_Plot_ISIC_311.png used on input li
ne 547.
(pdftex.def)             Requested size: 227.58003pt x 227.60759pt.

</Users/justindoty/Documents/Research/Dissertation/Production_QR_Proxy/Code/Fig
ures/Chile/QACF_Coef_Plot_ISIC_381.png, id=538, 3011.25pt x 2409.0pt>
File: /Users/justindoty/Documents/Research/Dissertation/Production_QR_Proxy/Cod
e/Figures/Chile/QACF_Coef_Plot_ISIC_381.png Graphic file (type png)

<use /Users/justindoty/Documents/Research/Dissertation/Production_QR_Proxy/Code
/Figures/Chile/QACF_Coef_Plot_ISIC_381.png>
Package pdftex.def Info: /Users/justindoty/Documents/Research/Dissertation/Prod
uction_QR_Proxy/Code/Figures/Chile/QACF_Coef_Plot_ISIC_381.png used on input li
ne 555.
(pdftex.def)             Requested size: 227.58003pt x 227.60759pt.
[27 </Users/justindoty/Documents/Research/Dissertation/Production_QR_Proxy/Code
/Figures/Chile/QACF_Coef_Plot_ISIC_311.png>]
</Users/justindoty/Documents/Research/Dissertation/Production_QR_Proxy/Code/Fig
ures/Chile/QACF_Coef_Plot_ISIC_321.png, id=546, 3011.25pt x 2409.0pt>
File: /Users/justindoty/Documents/Research/Dissertation/Production_QR_Proxy/Cod
e/Figures/Chile/QACF_Coef_Plot_ISIC_321.png Graphic file (type png)

<use /Users/justindoty/Documents/Research/Dissertation/Production_QR_Proxy/Code
/Figures/Chile/QACF_Coef_Plot_ISIC_321.png>
Package pdftex.def Info: /Users/justindoty/Documents/Research/Dissertation/Prod
uction_QR_Proxy/Code/Figures/Chile/QACF_Coef_Plot_ISIC_321.png used on input li
ne 563.
(pdftex.def)             Requested size: 227.58003pt x 227.60759pt.

</Users/justindoty/Documents/Research/Dissertation/Production_QR_Proxy/Code/Fig
ures/Chile/QACF_Coef_Plot_ISIC_All.png, id=547, 3011.25pt x 2409.0pt>
File: /Users/justindoty/Documents/Research/Dissertation/Production_QR_Proxy/Cod
e/Figures/Chile/QACF_Coef_Plot_ISIC_All.png Graphic file (type png)

<use /Users/justindoty/Documents/Research/Dissertation/Production_QR_Proxy/Code
/Figures/Chile/QACF_Coef_Plot_ISIC_All.png>
Package pdftex.def Info: /Users/justindoty/Documents/Research/Dissertation/Prod
uction_QR_Proxy/Code/Figures/Chile/QACF_Coef_Plot_ISIC_All.png used on input li
ne 571.
(pdftex.def)             Requested size: 227.58003pt x 227.60759pt.
[28 </Users/justindoty/Documents/Research/Dissertation/Production_QR_Proxy/Code
/Figures/Chile/QACF_Coef_Plot_ISIC_381.png> </Users/justindoty/Documents/Resear
ch/Dissertation/Production_QR_Proxy/Code/Figures/Chile/QACF_Coef_Plot_ISIC_321.
png>] [29 </Users/justindoty/Documents/Research/Dissertation/Production_QR_Prox
y/Code/Figures/Chile/QACF_Coef_Plot_ISIC_All.png>] [30]
</Users/justindoty/Documents/Research/Dissertation/Production_QR_Proxy/Code/Fig
ures/Chile/QACF_TFP_Plot.png, id=568, 3011.25pt x 2409.0pt>
File: /Users/justindoty/Documents/Research/Dissertation/Production_QR_Proxy/Cod
e/Figures/Chile/QACF_TFP_Plot.png Graphic file (type png)

<use /Users/justindoty/Documents/Research/Dissertation/Production_QR_Proxy/Code
/Figures/Chile/QACF_TFP_Plot.png>
Package pdftex.def Info: /Users/justindoty/Documents/Research/Dissertation/Prod
uction_QR_Proxy/Code/Figures/Chile/QACF_TFP_Plot.png used on input line 627.
(pdftex.def)             Requested size: 312.9803pt x 250.36101pt.

</Users/justindoty/Documents/Research/Dissertation/Production_QR_Proxy/Code/Fig
ures/Chile/QACF_TFPgrowth_Plot.png, id=569, 3011.25pt x 2409.0pt>
File: /Users/justindoty/Documents/Research/Dissertation/Production_QR_Proxy/Cod
e/Figures/Chile/QACF_TFPgrowth_Plot.png Graphic file (type png)

<use /Users/justindoty/Documents/Research/Dissertation/Production_QR_Proxy/Code
/Figures/Chile/QACF_TFPgrowth_Plot.png>
Package pdftex.def Info: /Users/justindoty/Documents/Research/Dissertation/Prod
uction_QR_Proxy/Code/Figures/Chile/QACF_TFPgrowth_Plot.png used on input line 6
35.
(pdftex.def)             Requested size: 312.9803pt x 250.36101pt.
[31 </Users/justindoty/Documents/Research/Dissertation/Production_QR_Proxy/Code
/Figures/Chile/QACF_TFP_Plot.png>] [32 </Users/justindoty/Documents/Research/Di
ssertation/Production_QR_Proxy/Code/Figures/Chile/QACF_TFPgrowth_Plot.png>] [33
]
</Users/justindoty/Documents/Research/Dissertation/Production_QR_Proxy/Code/Fig
ures/Colombia/QACF_Coef_Plot_ISIC_311.png, id=598, 3011.25pt x 2409.0pt>
File: /Users/justindoty/Documents/Research/Dissertation/Production_QR_Proxy/Cod
e/Figures/Colombia/QACF_Coef_Plot_ISIC_311.png Graphic file (type png)

<use /Users/justindoty/Documents/Research/Dissertation/Production_QR_Proxy/Code
/Figures/Colombia/QACF_Coef_Plot_ISIC_311.png>
Package pdftex.def Info: /Users/justindoty/Documents/Research/Dissertation/Prod
uction_QR_Proxy/Code/Figures/Colombia/QACF_Coef_Plot_ISIC_311.png used on input
 line 698.
(pdftex.def)             Requested size: 227.58003pt x 227.60759pt.
[34]
</Users/justindoty/Documents/Research/Dissertation/Production_QR_Proxy/Code/Fig
ures/Colombia/QACF_Coef_Plot_ISIC_322.png, id=610, 3011.25pt x 2409.0pt>
File: /Users/justindoty/Documents/Research/Dissertation/Production_QR_Proxy/Cod
e/Figures/Colombia/QACF_Coef_Plot_ISIC_322.png Graphic file (type png)

<use /Users/justindoty/Documents/Research/Dissertation/Production_QR_Proxy/Code
/Figures/Colombia/QACF_Coef_Plot_ISIC_322.png>
Package pdftex.def Info: /Users/justindoty/Documents/Research/Dissertation/Prod
uction_QR_Proxy/Code/Figures/Colombia/QACF_Coef_Plot_ISIC_322.png used on input
 line 706.
(pdftex.def)             Requested size: 227.58003pt x 227.60759pt.

</Users/justindoty/Documents/Research/Dissertation/Production_QR_Proxy/Code/Fig
ures/Colombia/QACF_Coef_Plot_ISIC_381.png, id=611, 3011.25pt x 2409.0pt>
File: /Users/justindoty/Documents/Research/Dissertation/Production_QR_Proxy/Cod
e/Figures/Colombia/QACF_Coef_Plot_ISIC_381.png Graphic file (type png)

<use /Users/justindoty/Documents/Research/Dissertation/Production_QR_Proxy/Code
/Figures/Colombia/QACF_Coef_Plot_ISIC_381.png>
Package pdftex.def Info: /Users/justindoty/Documents/Research/Dissertation/Prod
uction_QR_Proxy/Code/Figures/Colombia/QACF_Coef_Plot_ISIC_381.png used on input
 line 714.
(pdftex.def)             Requested size: 227.58003pt x 227.60759pt.
[35 </Users/justindoty/Documents/Research/Dissertation/Production_QR_Proxy/Code
/Figures/Colombia/QACF_Coef_Plot_ISIC_311.png> </Users/justindoty/Documents/Res
earch/Dissertation/Production_QR_Proxy/Code/Figures/Colombia/QACF_Coef_Plot_ISI
C_322.png>]
</Users/justindoty/Documents/Research/Dissertation/Production_QR_Proxy/Code/Fig
ures/Colombia/QACF_Coef_Plot_ISIC_All.png, id=618, 3011.25pt x 2409.0pt>
File: /Users/justindoty/Documents/Research/Dissertation/Production_QR_Proxy/Cod
e/Figures/Colombia/QACF_Coef_Plot_ISIC_All.png Graphic file (type png)

<use /Users/justindoty/Documents/Research/Dissertation/Production_QR_Proxy/Code
/Figures/Colombia/QACF_Coef_Plot_ISIC_All.png>
Package pdftex.def Info: /Users/justindoty/Documents/Research/Dissertation/Prod
uction_QR_Proxy/Code/Figures/Colombia/QACF_Coef_Plot_ISIC_All.png used on input
 line 722.
(pdftex.def)             Requested size: 227.58003pt x 227.60759pt.
[36 </Users/justindoty/Documents/Research/Dissertation/Production_QR_Proxy/Code
/Figures/Colombia/QACF_Coef_Plot_ISIC_381.png>] [37 </Users/justindoty/Document
s/Research/Dissertation/Production_QR_Proxy/Code/Figures/Colombia/QACF_Coef_Plo
t_ISIC_All.png>] [38]
</Users/justindoty/Documents/Research/Dissertation/Production_QR_Proxy/Code/Fig
ures/Colombia/QACF_TFP_Plot.png, id=637, 3011.25pt x 2409.0pt>
File: /Users/justindoty/Documents/Research/Dissertation/Production_QR_Proxy/Cod
e/Figures/Colombia/QACF_TFP_Plot.png Graphic file (type png)

<use /Users/justindoty/Documents/Research/Dissertation/Production_QR_Proxy/Code
/Figures/Colombia/QACF_TFP_Plot.png>
Package pdftex.def Info: /Users/justindoty/Documents/Research/Dissertation/Prod
uction_QR_Proxy/Code/Figures/Colombia/QACF_TFP_Plot.png used on input line 778.

(pdftex.def)             Requested size: 312.9803pt x 250.36101pt.

</Users/justindoty/Documents/Research/Dissertation/Production_QR_Proxy/Code/Fig
ures/Colombia/QACF_TFPgrowth_Plot.png, id=638, 3011.25pt x 2409.0pt>
File: /Users/justindoty/Documents/Research/Dissertation/Production_QR_Proxy/Cod
e/Figures/Colombia/QACF_TFPgrowth_Plot.png Graphic file (type png)

<use /Users/justindoty/Documents/Research/Dissertation/Production_QR_Proxy/Code
/Figures/Colombia/QACF_TFPgrowth_Plot.png>
Package pdftex.def Info: /Users/justindoty/Documents/Research/Dissertation/Prod
uction_QR_Proxy/Code/Figures/Colombia/QACF_TFPgrowth_Plot.png used on input lin
e 786.
(pdftex.def)             Requested size: 312.9803pt x 250.36101pt.
[39 </Users/justindoty/Documents/Research/Dissertation/Production_QR_Proxy/Code
/Figures/Colombia/QACF_TFP_Plot.png>] [40 </Users/justindoty/Documents/Research
/Dissertation/Production_QR_Proxy/Code/Figures/Colombia/QACF_TFPgrowth_Plot.png
>] [41] [42]
(/Users/justindoty/Documents/Research/Dissertation/Production_QR_Proxy/Code/Tex
t/Doty_Song_2021.bbl [43] [44] [45]) [46] [47] [48] [49] [50] [51]
LaTeX Font Info:    Font shape `OMS/cmr/m/n' in size <12> not available
(Font)              Font shape `OMS/cmsy/m/n' tried instead on input line 1048.


Overfull \hbox (0.10406pt too wide) in paragraph at lines 1051--1052
[]\OT1/cmr/m/n/12 Materials: Costs of Goods Sold (COGS)+Administrative and Sell
-ing Ex-penses (XSGA)
 []

[52] [53] [54] [55]
Overfull \hbox (30.45377pt too wide) in paragraph at lines 1147--1168
 [][] 
 []

[56]
</Users/justindoty/Documents/Research/Dissertation/Production_QR_Proxy/Code/Fig
ures/US/QLP_Coef_Plot_NAICS_31.png, id=807, 3011.25pt x 2409.0pt>
File: /Users/justindoty/Documents/Research/Dissertation/Production_QR_Proxy/Cod
e/Figures/US/QLP_Coef_Plot_NAICS_31.png Graphic file (type png)

<use /Users/justindoty/Documents/Research/Dissertation/Production_QR_Proxy/Code
/Figures/US/QLP_Coef_Plot_NAICS_31.png>
Package pdftex.def Info: /Users/justindoty/Documents/Research/Dissertation/Prod
uction_QR_Proxy/Code/Figures/US/QLP_Coef_Plot_NAICS_31.png used on input line 1
192.
(pdftex.def)             Requested size: 227.58003pt x 227.60759pt.

</Users/justindoty/Documents/Research/Dissertation/Production_QR_Proxy/Code/Fig
ures/US/QLP_Coef_Plot_NAICS_32.png, id=808, 3011.25pt x 2409.0pt>
File: /Users/justindoty/Documents/Research/Dissertation/Production_QR_Proxy/Cod
e/Figures/US/QLP_Coef_Plot_NAICS_32.png Graphic file (type png)

<use /Users/justindoty/Documents/Research/Dissertation/Production_QR_Proxy/Code
/Figures/US/QLP_Coef_Plot_NAICS_32.png>
Package pdftex.def Info: /Users/justindoty/Documents/Research/Dissertation/Prod
uction_QR_Proxy/Code/Figures/US/QLP_Coef_Plot_NAICS_32.png used on input line 1
200.
(pdftex.def)             Requested size: 227.58003pt x 227.60759pt.
[57 </Users/justindoty/Documents/Research/Dissertation/Production_QR_Proxy/Code
/Figures/US/QLP_Coef_Plot_NAICS_31.png>]
</Users/justindoty/Documents/Research/Dissertation/Production_QR_Proxy/Code/Fig
ures/US/QLP_Coef_Plot_NAICS_33.png, id=816, 3011.25pt x 2409.0pt>
File: /Users/justindoty/Documents/Research/Dissertation/Production_QR_Proxy/Cod
e/Figures/US/QLP_Coef_Plot_NAICS_33.png Graphic file (type png)

<use /Users/justindoty/Documents/Research/Dissertation/Production_QR_Proxy/Code
/Figures/US/QLP_Coef_Plot_NAICS_33.png>
Package pdftex.def Info: /Users/justindoty/Documents/Research/Dissertation/Prod
uction_QR_Proxy/Code/Figures/US/QLP_Coef_Plot_NAICS_33.png used on input line 1
208.
(pdftex.def)             Requested size: 227.58003pt x 227.60759pt.

</Users/justindoty/Documents/Research/Dissertation/Production_QR_Proxy/Code/Fig
ures/US/QLP_Coef_Plot_NAICS_All.png, id=817, 3011.25pt x 2409.0pt>
File: /Users/justindoty/Documents/Research/Dissertation/Production_QR_Proxy/Cod
e/Figures/US/QLP_Coef_Plot_NAICS_All.png Graphic file (type png)

<use /Users/justindoty/Documents/Research/Dissertation/Production_QR_Proxy/Code
/Figures/US/QLP_Coef_Plot_NAICS_All.png>
Package pdftex.def Info: /Users/justindoty/Documents/Research/Dissertation/Prod
uction_QR_Proxy/Code/Figures/US/QLP_Coef_Plot_NAICS_All.png used on input line 
1216.
(pdftex.def)             Requested size: 227.58003pt x 227.60759pt.
[58 </Users/justindoty/Documents/Research/Dissertation/Production_QR_Proxy/Code
/Figures/US/QLP_Coef_Plot_NAICS_32.png> </Users/justindoty/Documents/Research/D
issertation/Production_QR_Proxy/Code/Figures/US/QLP_Coef_Plot_NAICS_33.png>]
</Users/justindoty/Documents/Research/Dissertation/Production_QR_Proxy/Code/Fig
ures/US/QLP_TFP_Plot.png, id=826, 3011.25pt x 2409.0pt>
File: /Users/justindoty/Documents/Research/Dissertation/Production_QR_Proxy/Cod
e/Figures/US/QLP_TFP_Plot.png Graphic file (type png)

<use /Users/justindoty/Documents/Research/Dissertation/Production_QR_Proxy/Code
/Figures/US/QLP_TFP_Plot.png>
Package pdftex.def Info: /Users/justindoty/Documents/Research/Dissertation/Prod
uction_QR_Proxy/Code/Figures/US/QLP_TFP_Plot.png used on input line 1224.
(pdftex.def)             Requested size: 312.9803pt x 250.36101pt.

</Users/justindoty/Documents/Research/Dissertation/Production_QR_Proxy/Code/Fig
ures/US/QLP_TFPgrowth_Plot.png, id=827, 3011.25pt x 2409.0pt>
File: /Users/justindoty/Documents/Research/Dissertation/Production_QR_Proxy/Cod
e/Figures/US/QLP_TFPgrowth_Plot.png Graphic file (type png)

<use /Users/justindoty/Documents/Research/Dissertation/Production_QR_Proxy/Code
/Figures/US/QLP_TFPgrowth_Plot.png>
Package pdftex.def Info: /Users/justindoty/Documents/Research/Dissertation/Prod
uction_QR_Proxy/Code/Figures/US/QLP_TFPgrowth_Plot.png used on input line 1232.

(pdftex.def)             Requested size: 312.9803pt x 250.36101pt.
[59 </Users/justindoty/Documents/Research/Dissertation/Production_QR_Proxy/Code
/Figures/US/QLP_Coef_Plot_NAICS_All.png> </Users/justindoty/Documents/Research/
Dissertation/Production_QR_Proxy/Code/Figures/US/QLP_TFP_Plot.png>] [60 </Users
/justindoty/Documents/Research/Dissertation/Production_QR_Proxy/Code/Figures/US
/QLP_TFPgrowth_Plot.png>]
Overfull \hbox (17.98291pt too wide) in paragraph at lines 1289--1310
 [][] 
 []

[61]
</Users/justindoty/Documents/Research/Dissertation/Production_QR_Proxy/Code/Fig
ures/Chile/QLP_Coef_Plot_ISIC_311.png, id=849, 3011.25pt x 2409.0pt>
File: /Users/justindoty/Documents/Research/Dissertation/Production_QR_Proxy/Cod
e/Figures/Chile/QLP_Coef_Plot_ISIC_311.png Graphic file (type png)

<use /Users/justindoty/Documents/Research/Dissertation/Production_QR_Proxy/Code
/Figures/Chile/QLP_Coef_Plot_ISIC_311.png>
Package pdftex.def Info: /Users/justindoty/Documents/Research/Dissertation/Prod
uction_QR_Proxy/Code/Figures/Chile/QLP_Coef_Plot_ISIC_311.png used on input lin
e 1334.
(pdftex.def)             Requested size: 227.58003pt x 227.60759pt.
[62]
</Users/justindoty/Documents/Research/Dissertation/Production_QR_Proxy/Code/Fig
ures/Chile//QLP_Coef_Plot_ISIC_381.png, id=856, 3011.25pt x 2409.0pt>
File: /Users/justindoty/Documents/Research/Dissertation/Production_QR_Proxy/Cod
e/Figures/Chile//QLP_Coef_Plot_ISIC_381.png Graphic file (type png)

<use /Users/justindoty/Documents/Research/Dissertation/Production_QR_Proxy/Code
/Figures/Chile//QLP_Coef_Plot_ISIC_381.png>
Package pdftex.def Info: /Users/justindoty/Documents/Research/Dissertation/Prod
uction_QR_Proxy/Code/Figures/Chile//QLP_Coef_Plot_ISIC_381.png used on input li
ne 1342.
(pdftex.def)             Requested size: 227.58003pt x 227.60759pt.

</Users/justindoty/Documents/Research/Dissertation/Production_QR_Proxy/Code/Fig
ures/Chile//QLP_Coef_Plot_ISIC_321.png, id=857, 3011.25pt x 2409.0pt>
File: /Users/justindoty/Documents/Research/Dissertation/Production_QR_Proxy/Cod
e/Figures/Chile//QLP_Coef_Plot_ISIC_321.png Graphic file (type png)

<use /Users/justindoty/Documents/Research/Dissertation/Production_QR_Proxy/Code
/Figures/Chile//QLP_Coef_Plot_ISIC_321.png>
Package pdftex.def Info: /Users/justindoty/Documents/Research/Dissertation/Prod
uction_QR_Proxy/Code/Figures/Chile//QLP_Coef_Plot_ISIC_321.png used on input li
ne 1350.
(pdftex.def)             Requested size: 227.58003pt x 227.60759pt.
[63 </Users/justindoty/Documents/Research/Dissertation/Production_QR_Proxy/Code
/Figures/Chile/QLP_Coef_Plot_ISIC_311.png> </Users/justindoty/Documents/Researc
h/Dissertation/Production_QR_Proxy/Code/Figures/Chile//QLP_Coef_Plot_ISIC_381.p
ng>]
</Users/justindoty/Documents/Research/Dissertation/Production_QR_Proxy/Code/Fig
ures/Chile//QLP_Coef_Plot_ISIC_All.png, id=866, 3011.25pt x 2409.0pt>
File: /Users/justindoty/Documents/Research/Dissertation/Production_QR_Proxy/Cod
e/Figures/Chile//QLP_Coef_Plot_ISIC_All.png Graphic file (type png)

<use /Users/justindoty/Documents/Research/Dissertation/Production_QR_Proxy/Code
/Figures/Chile//QLP_Coef_Plot_ISIC_All.png>
Package pdftex.def Info: /Users/justindoty/Documents/Research/Dissertation/Prod
uction_QR_Proxy/Code/Figures/Chile//QLP_Coef_Plot_ISIC_All.png used on input li
ne 1358.
(pdftex.def)             Requested size: 227.58003pt x 227.60759pt.

</Users/justindoty/Documents/Research/Dissertation/Production_QR_Proxy/Code/Fig
ures/Chile/QLP_TFP_Plot.png, id=867, 3011.25pt x 2409.0pt>
File: /Users/justindoty/Documents/Research/Dissertation/Production_QR_Proxy/Cod
e/Figures/Chile/QLP_TFP_Plot.png Graphic file (type png)

<use /Users/justindoty/Documents/Research/Dissertation/Production_QR_Proxy/Code
/Figures/Chile/QLP_TFP_Plot.png>
Package pdftex.def Info: /Users/justindoty/Documents/Research/Dissertation/Prod
uction_QR_Proxy/Code/Figures/Chile/QLP_TFP_Plot.png used on input line 1366.
(pdftex.def)             Requested size: 312.9803pt x 250.36101pt.
[64 </Users/justindoty/Documents/Research/Dissertation/Production_QR_Proxy/Code
/Figures/Chile//QLP_Coef_Plot_ISIC_321.png> </Users/justindoty/Documents/Resear
ch/Dissertation/Production_QR_Proxy/Code/Figures/Chile//QLP_Coef_Plot_ISIC_All.
png>]
</Users/justindoty/Documents/Research/Dissertation/Production_QR_Proxy/Code/Fig
ures/Chile/QLP_TFPgrowth_Plot.png, id=876, 3011.25pt x 2409.0pt>
File: /Users/justindoty/Documents/Research/Dissertation/Production_QR_Proxy/Cod
e/Figures/Chile/QLP_TFPgrowth_Plot.png Graphic file (type png)

<use /Users/justindoty/Documents/Research/Dissertation/Production_QR_Proxy/Code
/Figures/Chile/QLP_TFPgrowth_Plot.png>
Package pdftex.def Info: /Users/justindoty/Documents/Research/Dissertation/Prod
uction_QR_Proxy/Code/Figures/Chile/QLP_TFPgrowth_Plot.png used on input line 13
74.
(pdftex.def)             Requested size: 312.9803pt x 250.36101pt.
[65 </Users/justindoty/Documents/Research/Dissertation/Production_QR_Proxy/Code
/Figures/Chile/QLP_TFP_Plot.png> </Users/justindoty/Documents/Research/Disserta
tion/Production_QR_Proxy/Code/Figures/Chile/QLP_TFPgrowth_Plot.png>]
Overfull \hbox (17.98291pt too wide) in paragraph at lines 1431--1452
 [][] 
 []

[66]
</Users/justindoty/Documents/Research/Dissertation/Production_QR_Proxy/Code/Fig
ures/Colombia/QLP_Coef_Plot_ISIC_311.png, id=891, 3011.25pt x 2409.0pt>
File: /Users/justindoty/Documents/Research/Dissertation/Production_QR_Proxy/Cod
e/Figures/Colombia/QLP_Coef_Plot_ISIC_311.png Graphic file (type png)

<use /Users/justindoty/Documents/Research/Dissertation/Production_QR_Proxy/Code
/Figures/Colombia/QLP_Coef_Plot_ISIC_311.png>
Package pdftex.def Info: /Users/justindoty/Documents/Research/Dissertation/Prod
uction_QR_Proxy/Code/Figures/Colombia/QLP_Coef_Plot_ISIC_311.png used on input 
line 1476.
(pdftex.def)             Requested size: 227.58003pt x 227.60759pt.
[67]
</Users/justindoty/Documents/Research/Dissertation/Production_QR_Proxy/Code/Fig
ures/Colombia/QLP_Coef_Plot_ISIC_322.png, id=899, 3011.25pt x 2409.0pt>
File: /Users/justindoty/Documents/Research/Dissertation/Production_QR_Proxy/Cod
e/Figures/Colombia/QLP_Coef_Plot_ISIC_322.png Graphic file (type png)

<use /Users/justindoty/Documents/Research/Dissertation/Production_QR_Proxy/Code
/Figures/Colombia/QLP_Coef_Plot_ISIC_322.png>
Package pdftex.def Info: /Users/justindoty/Documents/Research/Dissertation/Prod
uction_QR_Proxy/Code/Figures/Colombia/QLP_Coef_Plot_ISIC_322.png used on input 
line 1484.
(pdftex.def)             Requested size: 227.58003pt x 227.60759pt.

</Users/justindoty/Documents/Research/Dissertation/Production_QR_Proxy/Code/Fig
ures/Colombia/QLP_Coef_Plot_ISIC_381.png, id=900, 3011.25pt x 2409.0pt>
File: /Users/justindoty/Documents/Research/Dissertation/Production_QR_Proxy/Cod
e/Figures/Colombia/QLP_Coef_Plot_ISIC_381.png Graphic file (type png)

<use /Users/justindoty/Documents/Research/Dissertation/Production_QR_Proxy/Code
/Figures/Colombia/QLP_Coef_Plot_ISIC_381.png>
Package pdftex.def Info: /Users/justindoty/Documents/Research/Dissertation/Prod
uction_QR_Proxy/Code/Figures/Colombia/QLP_Coef_Plot_ISIC_381.png used on input 
line 1492.
(pdftex.def)             Requested size: 227.58003pt x 227.60759pt.
[68 </Users/justindoty/Documents/Research/Dissertation/Production_QR_Proxy/Code
/Figures/Colombia/QLP_Coef_Plot_ISIC_311.png> </Users/justindoty/Documents/Rese
arch/Dissertation/Production_QR_Proxy/Code/Figures/Colombia/QLP_Coef_Plot_ISIC_
322.png>]
</Users/justindoty/Documents/Research/Dissertation/Production_QR_Proxy/Code/Fig
ures/Colombia/QLP_Coef_Plot_ISIC_All.png, id=909, 3011.25pt x 2409.0pt>
File: /Users/justindoty/Documents/Research/Dissertation/Production_QR_Proxy/Cod
e/Figures/Colombia/QLP_Coef_Plot_ISIC_All.png Graphic file (type png)

<use /Users/justindoty/Documents/Research/Dissertation/Production_QR_Proxy/Code
/Figures/Colombia/QLP_Coef_Plot_ISIC_All.png>
Package pdftex.def Info: /Users/justindoty/Documents/Research/Dissertation/Prod
uction_QR_Proxy/Code/Figures/Colombia/QLP_Coef_Plot_ISIC_All.png used on input 
line 1500.
(pdftex.def)             Requested size: 227.58003pt x 227.60759pt.

</Users/justindoty/Documents/Research/Dissertation/Production_QR_Proxy/Code/Fig
ures/Colombia/QLP_TFP_Plot.png, id=910, 3011.25pt x 2409.0pt>
File: /Users/justindoty/Documents/Research/Dissertation/Production_QR_Proxy/Cod
e/Figures/Colombia/QLP_TFP_Plot.png Graphic file (type png)

<use /Users/justindoty/Documents/Research/Dissertation/Production_QR_Proxy/Code
/Figures/Colombia/QLP_TFP_Plot.png>
Package pdftex.def Info: /Users/justindoty/Documents/Research/Dissertation/Prod
uction_QR_Proxy/Code/Figures/Colombia/QLP_TFP_Plot.png used on input line 1508.

(pdftex.def)             Requested size: 312.9803pt x 250.36101pt.
[69 </Users/justindoty/Documents/Research/Dissertation/Production_QR_Proxy/Code
/Figures/Colombia/QLP_Coef_Plot_ISIC_381.png> </Users/justindoty/Documents/Rese
arch/Dissertation/Production_QR_Proxy/Code/Figures/Colombia/QLP_Coef_Plot_ISIC_
All.png>]
</Users/justindoty/Documents/Research/Dissertation/Production_QR_Proxy/Code/Fig
ures/Colombia/QLP_TFPgrowth_Plot.png, id=920, 3011.25pt x 2409.0pt>
File: /Users/justindoty/Documents/Research/Dissertation/Production_QR_Proxy/Cod
e/Figures/Colombia/QLP_TFPgrowth_Plot.png Graphic file (type png)

<use /Users/justindoty/Documents/Research/Dissertation/Production_QR_Proxy/Code
/Figures/Colombia/QLP_TFPgrowth_Plot.png>
Package pdftex.def Info: /Users/justindoty/Documents/Research/Dissertation/Prod
uction_QR_Proxy/Code/Figures/Colombia/QLP_TFPgrowth_Plot.png used on input line
 1516.
(pdftex.def)             Requested size: 312.9803pt x 250.36101pt.
[70 </Users/justindoty/Documents/Research/Dissertation/Production_QR_Proxy/Code
/Figures/Colombia/QLP_TFP_Plot.png> </Users/justindoty/Documents/Research/Disse
rtation/Production_QR_Proxy/Code/Figures/Colombia/QLP_TFPgrowth_Plot.png>]
Package atveryend Info: Empty hook `BeforeClearDocument' on input line 1589.
[71]
Package atveryend Info: Empty hook `AfterLastShipout' on input line 1589.

(/Users/justindoty/Documents/Research/Dissertation/Production_QR_Proxy/Code/Tex
t/Doty_Song_2021.aux)
Package atveryend Info: Executing hook `AtVeryEndDocument' on input line 1589.
Package atveryend Info: Executing hook `AtEndAfterFileList' on input line 1589.

Package rerunfilecheck Info: File `Doty_Song_2021.out' has not changed.
(rerunfilecheck)             Checksum: 478EAACCDB2B3D093600CA63D02E0400;1609.
Package atveryend Info: Empty hook `AtVeryVeryEnd' on input line 1589.
 ) 
Here is how much of TeX's memory you used:
 9956 strings out of 492995
 164714 string characters out of 6132704
 264801 words of memory out of 5000000
 13037 multiletter control sequences out of 15000+600000
 25799 words of font info for 101 fonts, out of 8000000 for 9000
 1141 hyphenation exceptions out of 8191
 36i,18n,46p,2035b,543s stack positions out of 5000i,500n,10000p,200000b,80000s
 </Users/justindoty/Library/texlive/2017/texmf-var/fonts/pk/ljfour/public/bbm
/bbm8.600pk> </Users/justindoty/Library/texlive/2017/texmf-var/fonts/pk/ljfour/
public/bbm/bbm12.600pk></usr/local/texlive/2017/texmf-dist/fonts/type1/public/a
msfonts/cm/cmbx10.pfb></usr/local/texlive/2017/texmf-dist/fonts/type1/public/am
sfonts/cm/cmbx12.pfb></usr/local/texlive/2017/texmf-dist/fonts/type1/public/ams
fonts/cm/cmcsc10.pfb></usr/local/texlive/2017/texmf-dist/fonts/type1/public/ams
fonts/cm/cmex10.pfb></usr/local/texlive/2017/texmf-dist/fonts/type1/public/amsf
onts/cm/cmmi10.pfb></usr/local/texlive/2017/texmf-dist/fonts/type1/public/amsfo
nts/cm/cmmi12.pfb></usr/local/texlive/2017/texmf-dist/fonts/type1/public/amsfon
ts/cm/cmmi6.pfb></usr/local/texlive/2017/texmf-dist/fonts/type1/public/amsfonts
/cm/cmmi7.pfb></usr/local/texlive/2017/texmf-dist/fonts/type1/public/amsfonts/c
m/cmmi8.pfb></usr/local/texlive/2017/texmf-dist/fonts/type1/public/amsfonts/cm/
cmmib10.pfb></usr/local/texlive/2017/texmf-dist/fonts/type1/public/amsfonts/cme
xtra/cmmib8.pfb></usr/local/texlive/2017/texmf-dist/fonts/type1/public/amsfonts
/cm/cmr10.pfb></usr/local/texlive/2017/texmf-dist/fonts/type1/public/amsfonts/c
m/cmr12.pfb></usr/local/texlive/2017/texmf-dist/fonts/type1/public/amsfonts/cm/
cmr17.pfb></usr/local/texlive/2017/texmf-dist/fonts/type1/public/amsfonts/cm/cm
r6.pfb></usr/local/texlive/2017/texmf-dist/fonts/type1/public/amsfonts/cm/cmr7.
pfb></usr/local/texlive/2017/texmf-dist/fonts/type1/public/amsfonts/cm/cmr8.pfb
></usr/local/texlive/2017/texmf-dist/fonts/type1/public/amsfonts/cm/cmsy10.pfb>
</usr/local/texlive/2017/texmf-dist/fonts/type1/public/amsfonts/cm/cmsy6.pfb></
usr/local/texlive/2017/texmf-dist/fonts/type1/public/amsfonts/cm/cmsy7.pfb></us
r/local/texlive/2017/texmf-dist/fonts/type1/public/amsfonts/cm/cmsy8.pfb></usr/
local/texlive/2017/texmf-dist/fonts/type1/public/amsfonts/cm/cmti10.pfb></usr/l
ocal/texlive/2017/texmf-dist/fonts/type1/public/amsfonts/cm/cmti12.pfb></usr/lo
cal/texlive/2017/texmf-dist/fonts/type1/public/amsfonts/cm/cmtt10.pfb></usr/loc
al/texlive/2017/texmf-dist/fonts/type1/public/amsfonts/symbols/msbm10.pfb>
Output written on /Users/justindoty/Documents/Research/Dissertation/Production_
QR_Proxy/Code/Text/Doty_Song_2021.pdf (71 pages, 9481931 bytes).
PDF statistics:
 1084 PDF objects out of 1200 (max. 8388607)
 894 compressed objects within 9 object streams
 260 named destinations out of 1000 (max. 500000)
 386 words of extra memory for PDF output out of 10000 (max. 10000000)

